d:\myprj\telegramm\td_prj\testdll\consoleapplication2\build\td_example.dir\debug\vc142.pdb
d:\myprj\telegramm\td_prj\testdll\consoleapplication2\build\td_example.dir\debug\uetdapilibrary.obj
d:\myprj\telegramm\td_prj\testdll\consoleapplication2\build\td_example.dir\debug\uetdapi.obj
d:\myprj\telegramm\td_prj\testdll\consoleapplication2\build\td_example.dir\debug\uetdapilibraryl.obj
d:\myprj\telegramm\td_prj\testdll\consoleapplication2\build\td_example.dir\debug\uetdapil.obj
d:\myprj\telegramm\td_prj\consoleapplication2\consoleapplication2\build\cmakefiles\generate.stamp
d:\myprj\telegramm\td_prj\consoleapplication2\consoleapplication2\build\debug\td_example.exe
d:\myprj\telegramm\td_prj\consoleapplication2\consoleapplication2\build\debug\td_example.ilk
d:\myprj\telegramm\td_prj\consoleapplication2\consoleapplication2\build\debug\td_example.pdb
d:\myprj\telegramm\td_prj\consoleapplication2\consoleapplication2\build\debug\td_example.lib
d:\myprj\telegramm\td_prj\consoleapplication2\consoleapplication2\build\debug\td_example.exp
d:\myprj\telegramm\td_prj\testdll\consoleapplication2\build\td_example.dir\debug\consoleapplication2.obj
d:\myprj\telegramm\td_prj\testdll\consoleapplication2\build\td_example.dir\debug\td_example.tlog\cl.command.1.tlog
d:\myprj\telegramm\td_prj\testdll\consoleapplication2\build\td_example.dir\debug\td_example.tlog\cl.read.1.tlog
d:\myprj\telegramm\td_prj\testdll\consoleapplication2\build\td_example.dir\debug\td_example.tlog\cl.write.1.tlog
d:\myprj\telegramm\td_prj\testdll\consoleapplication2\build\td_example.dir\debug\td_example.tlog\custombuild.command.1.tlog
d:\myprj\telegramm\td_prj\testdll\consoleapplication2\build\td_example.dir\debug\td_example.tlog\custombuild.read.1.tlog
d:\myprj\telegramm\td_prj\testdll\consoleapplication2\build\td_example.dir\debug\td_example.tlog\custombuild.write.1.tlog
d:\myprj\telegramm\td_prj\testdll\consoleapplication2\build\td_example.dir\debug\td_example.tlog\link.10480.delete.1.tlog
d:\myprj\telegramm\td_prj\testdll\consoleapplication2\build\td_example.dir\debug\td_example.tlog\link.10776.delete.1.tlog
d:\myprj\telegramm\td_prj\testdll\consoleapplication2\build\td_example.dir\debug\td_example.tlog\link.14632.delete.1.tlog
d:\myprj\telegramm\td_prj\testdll\consoleapplication2\build\td_example.dir\debug\td_example.tlog\link.15628.delete.1.tlog
d:\myprj\telegramm\td_prj\testdll\consoleapplication2\build\td_example.dir\debug\td_example.tlog\link.16916.delete.1.tlog
d:\myprj\telegramm\td_prj\testdll\consoleapplication2\build\td_example.dir\debug\td_example.tlog\link.18480.delete.1.tlog
d:\myprj\telegramm\td_prj\testdll\consoleapplication2\build\td_example.dir\debug\td_example.tlog\link.21180.delete.1.tlog
d:\myprj\telegramm\td_prj\testdll\consoleapplication2\build\td_example.dir\debug\td_example.tlog\link.22148.delete.1.tlog
d:\myprj\telegramm\td_prj\testdll\consoleapplication2\build\td_example.dir\debug\td_example.tlog\link.23388.delete.1.tlog
d:\myprj\telegramm\td_prj\testdll\consoleapplication2\build\td_example.dir\debug\td_example.tlog\link.8004.delete.1.tlog
d:\myprj\telegramm\td_prj\testdll\consoleapplication2\build\td_example.dir\debug\td_example.tlog\link.command.1.tlog
d:\myprj\telegramm\td_prj\testdll\consoleapplication2\build\td_example.dir\debug\td_example.tlog\link.delete.1.tlog
d:\myprj\telegramm\td_prj\testdll\consoleapplication2\build\td_example.dir\debug\td_example.tlog\link.read.1.tlog
d:\myprj\telegramm\td_prj\testdll\consoleapplication2\build\td_example.dir\debug\td_example.tlog\link.write.1.tlog
d:\myprj\telegramm\td_prj\testdll\consoleapplication2\build\td_example.dir\debug\td_example.tlog\td_example.write.1u.tlog
