d:\myprj\telegramm\td_prj\testdll\consoleapplication2\uetdapi\x64\debug\uetdapi.pch
d:\myprj\telegramm\td_prj\testdll\consoleapplication2\uetdapi\x64\debug\vc142.pdb
d:\myprj\telegramm\td_prj\testdll\consoleapplication2\uetdapi\x64\debug\vc142.idb
d:\myprj\telegramm\td_prj\testdll\consoleapplication2\uetdapi\x64\debug\pch.obj
d:\myprj\telegramm\td_prj\testdll\consoleapplication2\uetdapi\x64\debug\uetdapilibrary.obj
d:\myprj\telegramm\td_prj\testdll\consoleapplication2\uetdapi\x64\debug\uetdapi.obj
d:\myprj\telegramm\td_prj\testdll\consoleapplication2\uetdapi\x64\debug\dllmain.obj
d:\myprj\telegramm\td_prj\testdll\consoleapplication2\build\x64\debug\uetdapi.dll
d:\myprj\telegramm\td_prj\testdll\consoleapplication2\build\x64\debug\uetdapi.ilk
d:\myprj\telegramm\td_prj\testdll\consoleapplication2\build\x64\debug\uetdapi.pdb
d:\myprj\telegramm\td_prj\testdll\consoleapplication2\build\x64\debug\uetdapi.lib
d:\myprj\telegramm\td_prj\testdll\consoleapplication2\build\x64\debug\uetdapi.exp
d:\myprj\telegramm\td_prj\testdll\consoleapplication2\uetdapi\x64\debug\vcpkg.applocal.log
d:\myprj\telegramm\td_prj\testdll\consoleapplication2\build\x64\debug\ssleay32.dll
d:\myprj\telegramm\td_prj\testdll\consoleapplication2\build\x64\debug\libeay32.dll
d:\myprj\telegramm\td_prj\testdll\consoleapplication2\uetdapi\x64\debug\uetdapi.tlog\cl.command.1.tlog
d:\myprj\telegramm\td_prj\testdll\consoleapplication2\uetdapi\x64\debug\uetdapi.tlog\cl.read.1.tlog
d:\myprj\telegramm\td_prj\testdll\consoleapplication2\uetdapi\x64\debug\uetdapi.tlog\cl.write.1.tlog
d:\myprj\telegramm\td_prj\testdll\consoleapplication2\uetdapi\x64\debug\uetdapi.tlog\link.command.1.tlog
d:\myprj\telegramm\td_prj\testdll\consoleapplication2\uetdapi\x64\debug\uetdapi.tlog\link.read.1.tlog
d:\myprj\telegramm\td_prj\testdll\consoleapplication2\uetdapi\x64\debug\uetdapi.tlog\link.write.1.tlog
d:\myprj\telegramm\td_prj\testdll\consoleapplication2\uetdapi\x64\debug\uetdapi.tlog\uetdapi.write.1u.tlog
